<?xml version="1.0" encoding="UTF-8"?>
<testng-results ignored="0" total="1" passed="1" failed="0" skipped="0">
  <reporter-output>
  </reporter-output>
  <suite started-at="2023-01-28T10:54:26 EST" name="Default suite" finished-at="2023-01-28T10:54:26 EST" duration-ms="30">
    <groups>
    </groups>
    <test started-at="2023-01-28T10:54:26 EST" name="Default test" finished-at="2023-01-28T10:54:26 EST" duration-ms="30">
      <class name="Streams.Test1">
        <test-method signature="regular()[pri:0, instance:Streams.Test1@7e5afaa6]" started-at="2023-01-28T10:54:26 EST" name="regular" finished-at="2023-01-28T10:54:26 EST" duration-ms="5" status="PASS">
          <reporter-output>
          </reporter-output>
        </test-method> <!-- regular -->
      </class> <!-- Streams.Test1 -->
    </test> <!-- Default test -->
  </suite> <!-- Default suite -->
</testng-results>
